2024/12/24 19:52:33 [notice] 1#1: using the "epoll" event method
2024/12/24 19:52:33 [notice] 1#1: nginx/1.27.3
2024/12/24 19:52:33 [notice] 1#1: built by gcc 13.2.1 20240309 (Alpine 13.2.1_git20240309) 
2024/12/24 19:52:33 [notice] 1#1: OS: Linux 5.15.167.4-microsoft-standard-WSL2
2024/12/24 19:52:33 [notice] 1#1: getrlimit(RLIMIT_NOFILE): 1048576:1048576
2024/12/24 19:52:33 [notice] 1#1: start worker processes
2024/12/24 19:52:33 [notice] 1#1: start worker process 33
2024/12/24 19:52:33 [notice] 1#1: start worker process 34
2024/12/24 19:52:33 [notice] 1#1: start worker process 35
2024/12/24 19:52:33 [notice] 1#1: start worker process 36
2024/12/24 19:52:33 [notice] 1#1: start worker process 37
2024/12/24 19:52:33 [notice] 1#1: start worker process 38
2024/12/24 19:52:33 [notice] 1#1: start worker process 39
2024/12/24 19:52:33 [notice] 1#1: start worker process 40
2024/12/24 19:52:33 [notice] 1#1: start worker process 41
2024/12/24 19:52:33 [notice] 1#1: start worker process 42
2024/12/24 19:52:33 [notice] 1#1: start worker process 43
2024/12/24 19:52:33 [notice] 1#1: start worker process 44
2024/12/24 19:52:33 [notice] 1#1: start worker process 45
2024/12/24 19:52:33 [notice] 1#1: start worker process 46
2024/12/24 19:52:33 [notice] 1#1: start worker process 47
2024/12/24 19:52:33 [notice] 1#1: start worker process 48
2024/12/24 19:56:40 [notice] 1#1: signal 3 (SIGQUIT) received, shutting down
2024/12/24 19:56:40 [notice] 33#33: gracefully shutting down
2024/12/24 19:56:40 [notice] 42#42: gracefully shutting down
2024/12/24 19:56:40 [notice] 35#35: gracefully shutting down
2024/12/24 19:56:40 [notice] 43#43: gracefully shutting down
2024/12/24 19:56:40 [notice] 41#41: gracefully shutting down
2024/12/24 19:56:40 [notice] 40#40: gracefully shutting down
2024/12/24 19:56:40 [notice] 36#36: gracefully shutting down
2024/12/24 19:56:40 [notice] 34#34: gracefully shutting down
2024/12/24 19:56:40 [notice] 37#37: gracefully shutting down
2024/12/24 19:56:40 [notice] 39#39: gracefully shutting down
2024/12/24 19:56:40 [notice] 38#38: gracefully shutting down
2024/12/24 19:56:40 [notice] 45#45: gracefully shutting down
2024/12/24 19:56:40 [notice] 46#46: gracefully shutting down
2024/12/24 19:56:40 [notice] 44#44: gracefully shutting down
2024/12/24 19:56:40 [notice] 48#48: gracefully shutting down
2024/12/24 19:56:40 [notice] 47#47: gracefully shutting down
2024/12/24 19:56:40 [notice] 44#44: exiting
2024/12/24 19:56:40 [notice] 33#33: exiting
2024/12/24 19:56:40 [notice] 42#42: exiting
2024/12/24 19:56:40 [notice] 35#35: exiting
2024/12/24 19:56:40 [notice] 43#43: exiting
2024/12/24 19:56:40 [notice] 41#41: exiting
2024/12/24 19:56:40 [notice] 40#40: exiting
2024/12/24 19:56:40 [notice] 36#36: exiting
2024/12/24 19:56:40 [notice] 34#34: exiting
2024/12/24 19:56:40 [notice] 37#37: exiting
2024/12/24 19:56:40 [notice] 36#36: exit
2024/12/24 19:56:40 [notice] 39#39: exiting
2024/12/24 19:56:40 [notice] 38#38: exiting
2024/12/24 19:56:40 [notice] 45#45: exiting
2024/12/24 19:56:40 [notice] 46#46: exiting
2024/12/24 19:56:40 [notice] 48#48: exiting
2024/12/24 19:56:40 [notice] 47#47: exiting
2024/12/24 19:56:40 [notice] 40#40: exit
2024/12/24 19:56:40 [notice] 42#42: exit
2024/12/24 19:56:40 [notice] 34#34: exit
2024/12/24 19:56:40 [notice] 35#35: exit
2024/12/24 19:56:40 [notice] 44#44: exit
2024/12/24 19:56:40 [notice] 33#33: exit
2024/12/24 19:56:40 [notice] 41#41: exit
2024/12/24 19:56:40 [notice] 43#43: exit
2024/12/24 19:56:40 [notice] 37#37: exit
2024/12/24 19:56:40 [notice] 39#39: exit
2024/12/24 19:56:40 [notice] 38#38: exit
2024/12/24 19:56:40 [notice] 45#45: exit
2024/12/24 19:56:40 [notice] 48#48: exit
2024/12/24 19:56:40 [notice] 47#47: exit
2024/12/24 19:56:40 [notice] 46#46: exit
2024/12/24 19:56:40 [notice] 1#1: signal 17 (SIGCHLD) received from 35
2024/12/24 19:56:40 [notice] 1#1: worker process 35 exited with code 0
2024/12/24 19:56:40 [notice] 1#1: signal 29 (SIGIO) received
2024/12/24 19:56:40 [notice] 1#1: signal 17 (SIGCHLD) received from 40
2024/12/24 19:56:40 [notice] 1#1: worker process 40 exited with code 0
2024/12/24 19:56:40 [notice] 1#1: signal 29 (SIGIO) received
2024/12/24 19:56:40 [notice] 1#1: signal 17 (SIGCHLD) received from 36
2024/12/24 19:56:40 [notice] 1#1: worker process 34 exited with code 0
2024/12/24 19:56:40 [notice] 1#1: worker process 36 exited with code 0
2024/12/24 19:56:40 [notice] 1#1: worker process 37 exited with code 0
2024/12/24 19:56:40 [notice] 1#1: worker process 38 exited with code 0
2024/12/24 19:56:40 [notice] 1#1: worker process 39 exited with code 0
2024/12/24 19:56:40 [notice] 1#1: worker process 41 exited with code 0
2024/12/24 19:56:40 [notice] 1#1: worker process 42 exited with code 0
2024/12/24 19:56:40 [notice] 1#1: worker process 46 exited with code 0
2024/12/24 19:56:40 [notice] 1#1: worker process 47 exited with code 0
2024/12/24 19:56:40 [notice] 1#1: signal 29 (SIGIO) received
2024/12/24 19:56:40 [notice] 1#1: signal 17 (SIGCHLD) received from 47
2024/12/24 19:56:40 [notice] 1#1: worker process 33 exited with code 0
2024/12/24 19:56:40 [notice] 1#1: worker process 43 exited with code 0
2024/12/24 19:56:40 [notice] 1#1: worker process 44 exited with code 0
2024/12/24 19:56:40 [notice] 1#1: worker process 45 exited with code 0
2024/12/24 19:56:40 [notice] 1#1: worker process 48 exited with code 0
2024/12/24 19:56:40 [notice] 1#1: exit
2024/12/24 20:02:02 [notice] 1#1: using the "epoll" event method
2024/12/24 20:02:02 [notice] 1#1: nginx/1.27.3
2024/12/24 20:02:02 [notice] 1#1: built by gcc 13.2.1 20240309 (Alpine 13.2.1_git20240309) 
2024/12/24 20:02:02 [notice] 1#1: OS: Linux 5.15.167.4-microsoft-standard-WSL2
2024/12/24 20:02:02 [notice] 1#1: getrlimit(RLIMIT_NOFILE): 1048576:1048576
2024/12/24 20:02:02 [notice] 1#1: start worker processes
2024/12/24 20:02:02 [notice] 1#1: start worker process 33
2024/12/24 20:02:02 [notice] 1#1: start worker process 34
2024/12/24 20:02:02 [notice] 1#1: start worker process 35
2024/12/24 20:02:02 [notice] 1#1: start worker process 36
2024/12/24 20:02:02 [notice] 1#1: start worker process 37
2024/12/24 20:02:02 [notice] 1#1: start worker process 38
2024/12/24 20:02:02 [notice] 1#1: start worker process 39
2024/12/24 20:02:02 [notice] 1#1: start worker process 40
2024/12/24 20:02:02 [notice] 1#1: start worker process 41
2024/12/24 20:02:02 [notice] 1#1: start worker process 42
2024/12/24 20:02:02 [notice] 1#1: start worker process 43
2024/12/24 20:02:02 [notice] 1#1: start worker process 44
2024/12/24 20:02:02 [notice] 1#1: start worker process 45
2024/12/24 20:02:02 [notice] 1#1: start worker process 46
2024/12/24 20:02:02 [notice] 1#1: start worker process 47
2024/12/24 20:02:02 [notice] 1#1: start worker process 48
2024/12/24 20:04:13 [notice] 1#1: signal 3 (SIGQUIT) received, shutting down
2024/12/24 20:04:13 [notice] 41#41: gracefully shutting down
2024/12/24 20:04:13 [notice] 39#39: gracefully shutting down
2024/12/24 20:04:13 [notice] 42#42: gracefully shutting down
2024/12/24 20:04:13 [notice] 43#43: gracefully shutting down
2024/12/24 20:04:13 [notice] 39#39: exiting
2024/12/24 20:04:13 [notice] 34#34: gracefully shutting down
2024/12/24 20:04:13 [notice] 34#34: exiting
2024/12/24 20:04:13 [notice] 35#35: gracefully shutting down
2024/12/24 20:04:13 [notice] 34#34: exit
2024/12/24 20:04:13 [notice] 35#35: exiting
2024/12/24 20:04:13 [notice] 33#33: gracefully shutting down
2024/12/24 20:04:13 [notice] 36#36: gracefully shutting down
2024/12/24 20:04:13 [notice] 38#38: gracefully shutting down
2024/12/24 20:04:13 [notice] 38#38: exiting
2024/12/24 20:04:13 [notice] 37#37: gracefully shutting down
2024/12/24 20:04:13 [notice] 47#47: gracefully shutting down
2024/12/24 20:04:13 [notice] 45#45: gracefully shutting down
2024/12/24 20:04:13 [notice] 40#40: gracefully shutting down
2024/12/24 20:04:13 [notice] 46#46: gracefully shutting down
2024/12/24 20:04:13 [notice] 46#46: exiting
2024/12/24 20:04:13 [notice] 41#41: exiting
2024/12/24 20:04:13 [notice] 46#46: exit
2024/12/24 20:04:13 [notice] 44#44: gracefully shutting down
2024/12/24 20:04:13 [notice] 42#42: exiting
2024/12/24 20:04:13 [notice] 44#44: exiting
2024/12/24 20:04:13 [notice] 48#48: gracefully shutting down
2024/12/24 20:04:13 [notice] 39#39: exit
2024/12/24 20:04:13 [notice] 43#43: exiting
2024/12/24 20:04:13 [notice] 43#43: exit
2024/12/24 20:04:13 [notice] 35#35: exit
2024/12/24 20:04:13 [notice] 36#36: exiting
2024/12/24 20:04:13 [notice] 38#38: exit
2024/12/24 20:04:13 [notice] 33#33: exiting
2024/12/24 20:04:13 [notice] 37#37: exiting
2024/12/24 20:04:13 [notice] 45#45: exiting
2024/12/24 20:04:13 [notice] 47#47: exiting
2024/12/24 20:04:13 [notice] 40#40: exiting
2024/12/24 20:04:13 [notice] 41#41: exit
2024/12/24 20:04:13 [notice] 42#42: exit
2024/12/24 20:04:13 [notice] 44#44: exit
2024/12/24 20:04:13 [notice] 48#48: exiting
2024/12/24 20:04:13 [notice] 36#36: exit
2024/12/24 20:04:13 [notice] 33#33: exit
2024/12/24 20:04:13 [notice] 37#37: exit
2024/12/24 20:04:13 [notice] 45#45: exit
2024/12/24 20:04:13 [notice] 47#47: exit
2024/12/24 20:04:13 [notice] 40#40: exit
2024/12/24 20:04:13 [notice] 48#48: exit
2024/12/24 20:04:13 [notice] 1#1: signal 17 (SIGCHLD) received from 33
2024/12/24 20:04:13 [notice] 1#1: worker process 33 exited with code 0
2024/12/24 20:04:13 [notice] 1#1: worker process 34 exited with code 0
2024/12/24 20:04:13 [notice] 1#1: worker process 39 exited with code 0
2024/12/24 20:04:13 [notice] 1#1: signal 29 (SIGIO) received
2024/12/24 20:04:13 [notice] 1#1: signal 17 (SIGCHLD) received from 46
2024/12/24 20:04:13 [notice] 1#1: worker process 38 exited with code 0
2024/12/24 20:04:13 [notice] 1#1: worker process 43 exited with code 0
2024/12/24 20:04:13 [notice] 1#1: worker process 46 exited with code 0
2024/12/24 20:04:13 [notice] 1#1: signal 29 (SIGIO) received
2024/12/24 20:04:13 [notice] 1#1: signal 17 (SIGCHLD) received from 43
2024/12/24 20:04:13 [notice] 1#1: signal 17 (SIGCHLD) received from 47
2024/12/24 20:04:13 [notice] 1#1: worker process 40 exited with code 0
2024/12/24 20:04:13 [notice] 1#1: worker process 41 exited with code 0
2024/12/24 20:04:13 [notice] 1#1: worker process 47 exited with code 0
2024/12/24 20:04:13 [notice] 1#1: signal 29 (SIGIO) received
2024/12/24 20:04:13 [notice] 1#1: signal 17 (SIGCHLD) received from 40
2024/12/24 20:04:13 [notice] 1#1: signal 17 (SIGCHLD) received from 37
2024/12/24 20:04:13 [notice] 1#1: worker process 35 exited with code 0
2024/12/24 20:04:13 [notice] 1#1: worker process 37 exited with code 0
2024/12/24 20:04:13 [notice] 1#1: worker process 42 exited with code 0
2024/12/24 20:04:13 [notice] 1#1: worker process 44 exited with code 0
2024/12/24 20:04:13 [notice] 1#1: signal 29 (SIGIO) received
2024/12/24 20:04:13 [notice] 1#1: signal 17 (SIGCHLD) received from 35
2024/12/24 20:04:13 [notice] 1#1: signal 17 (SIGCHLD) received from 48
2024/12/24 20:04:13 [notice] 1#1: worker process 48 exited with code 0
2024/12/24 20:04:13 [notice] 1#1: signal 29 (SIGIO) received
2024/12/24 20:04:13 [notice] 1#1: signal 17 (SIGCHLD) received from 45
2024/12/24 20:04:13 [notice] 1#1: worker process 45 exited with code 0
2024/12/24 20:04:13 [notice] 1#1: signal 29 (SIGIO) received
2024/12/24 20:04:14 [notice] 1#1: signal 17 (SIGCHLD) received from 36
2024/12/24 20:04:14 [notice] 1#1: worker process 36 exited with code 0
2024/12/24 20:04:14 [notice] 1#1: exit
2024/12/24 20:04:34 [notice] 1#1: using the "epoll" event method
2024/12/24 20:04:34 [notice] 1#1: nginx/1.27.3
2024/12/24 20:04:34 [notice] 1#1: built by gcc 13.2.1 20240309 (Alpine 13.2.1_git20240309) 
2024/12/24 20:04:34 [notice] 1#1: OS: Linux 5.15.167.4-microsoft-standard-WSL2
2024/12/24 20:04:34 [notice] 1#1: getrlimit(RLIMIT_NOFILE): 1048576:1048576
2024/12/24 20:04:34 [notice] 1#1: start worker processes
2024/12/24 20:04:34 [notice] 1#1: start worker process 33
2024/12/24 20:04:34 [notice] 1#1: start worker process 34
2024/12/24 20:04:34 [notice] 1#1: start worker process 35
2024/12/24 20:04:34 [notice] 1#1: start worker process 36
2024/12/24 20:04:34 [notice] 1#1: start worker process 37
2024/12/24 20:04:34 [notice] 1#1: start worker process 38
2024/12/24 20:04:34 [notice] 1#1: start worker process 39
2024/12/24 20:04:34 [notice] 1#1: start worker process 40
2024/12/24 20:04:34 [notice] 1#1: start worker process 41
2024/12/24 20:04:34 [notice] 1#1: start worker process 42
2024/12/24 20:04:34 [notice] 1#1: start worker process 43
2024/12/24 20:04:34 [notice] 1#1: start worker process 44
2024/12/24 20:04:34 [notice] 1#1: start worker process 45
2024/12/24 20:04:34 [notice] 1#1: start worker process 46
2024/12/24 20:04:34 [notice] 1#1: start worker process 47
2024/12/24 20:04:34 [notice] 1#1: start worker process 48
2024/12/24 20:30:13 [notice] 1#1: signal 3 (SIGQUIT) received, shutting down
2024/12/24 20:30:13 [notice] 39#39: gracefully shutting down
2024/12/24 20:30:13 [notice] 35#35: gracefully shutting down
2024/12/24 20:30:13 [notice] 34#34: gracefully shutting down
2024/12/24 20:30:13 [notice] 37#37: gracefully shutting down
2024/12/24 20:30:13 [notice] 33#33: gracefully shutting down
2024/12/24 20:30:13 [notice] 46#46: gracefully shutting down
2024/12/24 20:30:13 [notice] 42#42: gracefully shutting down
2024/12/24 20:30:13 [notice] 36#36: gracefully shutting down
2024/12/24 20:30:13 [notice] 38#38: gracefully shutting down
2024/12/24 20:30:13 [notice] 44#44: gracefully shutting down
2024/12/24 20:30:13 [notice] 45#45: gracefully shutting down
2024/12/24 20:30:13 [notice] 40#40: gracefully shutting down
2024/12/24 20:30:13 [notice] 43#43: gracefully shutting down
2024/12/24 20:30:13 [notice] 41#41: gracefully shutting down
2024/12/24 20:30:13 [notice] 47#47: gracefully shutting down
2024/12/24 20:30:13 [notice] 48#48: gracefully shutting down
2024/12/24 20:30:13 [notice] 42#42: exiting
2024/12/24 20:30:13 [notice] 46#46: exiting
2024/12/24 20:30:13 [notice] 33#33: exiting
2024/12/24 20:30:13 [notice] 37#37: exiting
2024/12/24 20:30:13 [notice] 34#34: exiting
2024/12/24 20:30:13 [notice] 44#44: exiting
2024/12/24 20:30:13 [notice] 38#38: exiting
2024/12/24 20:30:13 [notice] 35#35: exiting
2024/12/24 20:30:13 [notice] 39#39: exiting
2024/12/24 20:30:13 [notice] 36#36: exiting
2024/12/24 20:30:13 [notice] 43#43: exiting
2024/12/24 20:30:13 [notice] 45#45: exiting
2024/12/24 20:30:13 [notice] 47#47: exiting
2024/12/24 20:30:13 [notice] 41#41: exiting
2024/12/24 20:30:13 [notice] 48#48: exiting
2024/12/24 20:30:13 [notice] 40#40: exiting
2024/12/24 20:30:13 [notice] 39#39: exit
2024/12/24 20:30:13 [notice] 38#38: exit
2024/12/24 20:30:13 [notice] 40#40: exit
2024/12/24 20:30:13 [notice] 35#35: exit
2024/12/24 20:30:13 [notice] 44#44: exit
2024/12/24 20:30:13 [notice] 48#48: exit
2024/12/24 20:30:13 [notice] 45#45: exit
2024/12/24 20:30:13 [notice] 34#34: exit
2024/12/24 20:30:13 [notice] 33#33: exit
2024/12/24 20:30:13 [notice] 41#41: exit
2024/12/24 20:30:13 [notice] 47#47: exit
2024/12/24 20:30:13 [notice] 36#36: exit
2024/12/24 20:30:13 [notice] 42#42: exit
2024/12/24 20:30:13 [notice] 37#37: exit
2024/12/24 20:30:13 [notice] 43#43: exit
2024/12/24 20:30:13 [notice] 46#46: exit
2024/12/24 20:30:14 [notice] 1#1: signal 17 (SIGCHLD) received from 38
2024/12/24 20:30:14 [notice] 1#1: worker process 33 exited with code 0
2024/12/24 20:30:14 [notice] 1#1: worker process 34 exited with code 0
2024/12/24 20:30:14 [notice] 1#1: worker process 36 exited with code 0
2024/12/24 20:30:14 [notice] 1#1: worker process 37 exited with code 0
2024/12/24 20:30:14 [notice] 1#1: worker process 38 exited with code 0
2024/12/24 20:30:14 [notice] 1#1: worker process 41 exited with code 0
2024/12/24 20:30:14 [notice] 1#1: worker process 42 exited with code 0
2024/12/24 20:30:14 [notice] 1#1: worker process 43 exited with code 0
2024/12/24 20:30:14 [notice] 1#1: worker process 45 exited with code 0
2024/12/24 20:30:14 [notice] 1#1: worker process 46 exited with code 0
2024/12/24 20:30:14 [notice] 1#1: signal 29 (SIGIO) received
2024/12/24 20:30:14 [notice] 1#1: signal 17 (SIGCHLD) received from 33
2024/12/24 20:30:14 [notice] 1#1: worker process 35 exited with code 0
2024/12/24 20:30:14 [notice] 1#1: signal 29 (SIGIO) received
2024/12/24 20:30:14 [notice] 1#1: signal 17 (SIGCHLD) received from 39
2024/12/24 20:30:14 [notice] 1#1: worker process 39 exited with code 0
2024/12/24 20:30:14 [notice] 1#1: worker process 44 exited with code 0
2024/12/24 20:30:14 [notice] 1#1: worker process 47 exited with code 0
2024/12/24 20:30:14 [notice] 1#1: worker process 48 exited with code 0
2024/12/24 20:30:14 [notice] 1#1: signal 29 (SIGIO) received
2024/12/24 20:30:14 [notice] 1#1: signal 17 (SIGCHLD) received from 47
2024/12/24 20:30:14 [notice] 1#1: signal 17 (SIGCHLD) received from 40
2024/12/24 20:30:14 [notice] 1#1: worker process 40 exited with code 0
2024/12/24 20:30:14 [notice] 1#1: exit
2024/12/24 20:30:49 [notice] 1#1: using the "epoll" event method
2024/12/24 20:30:49 [notice] 1#1: nginx/1.27.3
2024/12/24 20:30:49 [notice] 1#1: built by gcc 13.2.1 20240309 (Alpine 13.2.1_git20240309) 
2024/12/24 20:30:49 [notice] 1#1: OS: Linux 5.15.167.4-microsoft-standard-WSL2
2024/12/24 20:30:49 [notice] 1#1: getrlimit(RLIMIT_NOFILE): 1048576:1048576
2024/12/24 20:30:49 [notice] 1#1: start worker processes
2024/12/24 20:30:49 [notice] 1#1: start worker process 36
2024/12/24 20:30:49 [notice] 1#1: start worker process 37
2024/12/24 20:30:49 [notice] 1#1: start worker process 38
2024/12/24 20:30:49 [notice] 1#1: start worker process 39
2024/12/24 20:30:49 [notice] 1#1: start worker process 40
2024/12/24 20:30:49 [notice] 1#1: start worker process 41
2024/12/24 20:30:49 [notice] 1#1: start worker process 42
2024/12/24 20:30:49 [notice] 1#1: start worker process 43
2024/12/24 20:30:49 [notice] 1#1: start worker process 44
2024/12/24 20:30:49 [notice] 1#1: start worker process 45
2024/12/24 20:30:49 [notice] 1#1: start worker process 46
2024/12/24 20:30:49 [notice] 1#1: start worker process 47
2024/12/24 20:30:49 [notice] 1#1: start worker process 48
2024/12/24 20:30:49 [notice] 1#1: start worker process 49
2024/12/24 20:30:49 [notice] 1#1: start worker process 50
2024/12/24 20:30:49 [notice] 1#1: start worker process 51
2024/12/24 20:36:03 [notice] 1#1: signal 3 (SIGQUIT) received, shutting down
2024/12/24 20:36:03 [notice] 38#38: gracefully shutting down
2024/12/24 20:36:03 [notice] 51#51: gracefully shutting down
2024/12/24 20:36:03 [notice] 37#37: gracefully shutting down
2024/12/24 20:36:03 [notice] 36#36: gracefully shutting down
2024/12/24 20:36:03 [notice] 46#46: gracefully shutting down
2024/12/24 20:36:03 [notice] 44#44: gracefully shutting down
2024/12/24 20:36:03 [notice] 40#40: gracefully shutting down
2024/12/24 20:36:03 [notice] 41#41: gracefully shutting down
2024/12/24 20:36:03 [notice] 47#47: gracefully shutting down
2024/12/24 20:36:03 [notice] 50#50: gracefully shutting down
2024/12/24 20:36:03 [notice] 48#48: gracefully shutting down
2024/12/24 20:36:03 [notice] 49#49: gracefully shutting down
2024/12/24 20:36:03 [notice] 42#42: gracefully shutting down
2024/12/24 20:36:03 [notice] 43#43: gracefully shutting down
2024/12/24 20:36:03 [notice] 45#45: gracefully shutting down
2024/12/24 20:36:03 [notice] 39#39: gracefully shutting down
2024/12/24 20:36:03 [notice] 51#51: exiting
2024/12/24 20:36:03 [notice] 38#38: exiting
2024/12/24 20:36:03 [notice] 40#40: exiting
2024/12/24 20:36:03 [notice] 46#46: exiting
2024/12/24 20:36:03 [notice] 44#44: exiting
2024/12/24 20:36:03 [notice] 36#36: exiting
2024/12/24 20:36:03 [notice] 37#37: exiting
2024/12/24 20:36:03 [notice] 41#41: exiting
2024/12/24 20:36:03 [notice] 47#47: exiting
2024/12/24 20:36:03 [notice] 50#50: exiting
2024/12/24 20:36:03 [notice] 49#49: exiting
2024/12/24 20:36:03 [notice] 48#48: exiting
2024/12/24 20:36:03 [notice] 42#42: exiting
2024/12/24 20:36:03 [notice] 43#43: exiting
2024/12/24 20:36:03 [notice] 45#45: exiting
2024/12/24 20:36:03 [notice] 39#39: exiting
2024/12/24 20:36:03 [notice] 50#50: exit
2024/12/24 20:36:03 [notice] 42#42: exit
2024/12/24 20:36:03 [notice] 44#44: exit
2024/12/24 20:36:03 [notice] 45#45: exit
2024/12/24 20:36:03 [notice] 43#43: exit
2024/12/24 20:36:03 [notice] 48#48: exit
2024/12/24 20:36:03 [notice] 39#39: exit
2024/12/24 20:36:03 [notice] 51#51: exit
2024/12/24 20:36:03 [notice] 41#41: exit
2024/12/24 20:36:03 [notice] 40#40: exit
2024/12/24 20:36:03 [notice] 37#37: exit
2024/12/24 20:36:03 [notice] 46#46: exit
2024/12/24 20:36:03 [notice] 36#36: exit
2024/12/24 20:36:03 [notice] 49#49: exit
2024/12/24 20:36:03 [notice] 38#38: exit
2024/12/24 20:36:03 [notice] 47#47: exit
2024/12/24 20:36:03 [notice] 1#1: signal 17 (SIGCHLD) received from 49
2024/12/24 20:36:03 [notice] 1#1: worker process 36 exited with code 0
2024/12/24 20:36:03 [notice] 1#1: worker process 37 exited with code 0
2024/12/24 20:36:03 [notice] 1#1: worker process 38 exited with code 0
2024/12/24 20:36:03 [notice] 1#1: worker process 39 exited with code 0
2024/12/24 20:36:03 [notice] 1#1: worker process 40 exited with code 0
2024/12/24 20:36:03 [notice] 1#1: worker process 42 exited with code 0
2024/12/24 20:36:03 [notice] 1#1: worker process 43 exited with code 0
2024/12/24 20:36:03 [notice] 1#1: worker process 49 exited with code 0
2024/12/24 20:36:03 [notice] 1#1: signal 29 (SIGIO) received
2024/12/24 20:36:03 [notice] 1#1: signal 17 (SIGCHLD) received from 43
2024/12/24 20:36:03 [notice] 1#1: signal 17 (SIGCHLD) received from 48
2024/12/24 20:36:03 [notice] 1#1: worker process 48 exited with code 0
2024/12/24 20:36:03 [notice] 1#1: signal 29 (SIGIO) received
2024/12/24 20:36:03 [notice] 1#1: signal 17 (SIGCHLD) received from 45
2024/12/24 20:36:03 [notice] 1#1: worker process 45 exited with code 0
2024/12/24 20:36:03 [notice] 1#1: signal 29 (SIGIO) received
2024/12/24 20:36:03 [notice] 1#1: signal 17 (SIGCHLD) received from 50
2024/12/24 20:36:03 [notice] 1#1: worker process 41 exited with code 0
2024/12/24 20:36:03 [notice] 1#1: worker process 44 exited with code 0
2024/12/24 20:36:03 [notice] 1#1: worker process 46 exited with code 0
2024/12/24 20:36:03 [notice] 1#1: worker process 47 exited with code 0
2024/12/24 20:36:03 [notice] 1#1: worker process 50 exited with code 0
2024/12/24 20:36:03 [notice] 1#1: signal 29 (SIGIO) received
2024/12/24 20:36:03 [notice] 1#1: signal 17 (SIGCHLD) received from 44
2024/12/24 20:36:03 [notice] 1#1: signal 17 (SIGCHLD) received from 51
2024/12/24 20:36:03 [notice] 1#1: worker process 51 exited with code 0
2024/12/24 20:36:03 [notice] 1#1: exit
2024/12/24 20:36:24 [notice] 1#1: using the "epoll" event method
2024/12/24 20:36:24 [notice] 1#1: nginx/1.27.3
2024/12/24 20:36:24 [notice] 1#1: built by gcc 13.2.1 20240309 (Alpine 13.2.1_git20240309) 
2024/12/24 20:36:24 [notice] 1#1: OS: Linux 5.15.167.4-microsoft-standard-WSL2
2024/12/24 20:36:24 [notice] 1#1: getrlimit(RLIMIT_NOFILE): 1048576:1048576
2024/12/24 20:36:24 [notice] 1#1: start worker processes
2024/12/24 20:36:24 [notice] 1#1: start worker process 14
2024/12/24 20:36:24 [notice] 1#1: start worker process 15
2024/12/24 20:36:24 [notice] 1#1: start worker process 16
2024/12/24 20:36:24 [notice] 1#1: start worker process 17
2024/12/24 20:36:24 [notice] 1#1: start worker process 18
2024/12/24 20:36:24 [notice] 1#1: start worker process 19
2024/12/24 20:36:24 [notice] 1#1: start worker process 20
2024/12/24 20:36:24 [notice] 1#1: start worker process 21
2024/12/24 20:36:24 [notice] 1#1: start worker process 22
2024/12/24 20:36:24 [notice] 1#1: start worker process 23
2024/12/24 20:36:24 [notice] 1#1: start worker process 24
2024/12/24 20:36:24 [notice] 1#1: start worker process 25
2024/12/24 20:36:24 [notice] 1#1: start worker process 26
2024/12/24 20:36:24 [notice] 1#1: start worker process 27
2024/12/24 20:36:24 [notice] 1#1: start worker process 28
2024/12/24 20:36:24 [notice] 1#1: start worker process 29
2024/12/24 20:49:09 [notice] 1#1: signal 3 (SIGQUIT) received, shutting down
2024/12/24 20:49:09 [notice] 20#20: gracefully shutting down
2024/12/24 20:49:09 [notice] 23#23: gracefully shutting down
2024/12/24 20:49:09 [notice] 18#18: gracefully shutting down
2024/12/24 20:49:09 [notice] 19#19: gracefully shutting down
2024/12/24 20:49:09 [notice] 16#16: gracefully shutting down
2024/12/24 20:49:09 [notice] 26#26: gracefully shutting down
2024/12/24 20:49:09 [notice] 22#22: gracefully shutting down
2024/12/24 20:49:09 [notice] 14#14: gracefully shutting down
2024/12/24 20:49:09 [notice] 24#24: gracefully shutting down
2024/12/24 20:49:09 [notice] 17#17: gracefully shutting down
2024/12/24 20:49:09 [notice] 25#25: gracefully shutting down
2024/12/24 20:49:09 [notice] 21#21: gracefully shutting down
2024/12/24 20:49:09 [notice] 15#15: gracefully shutting down
2024/12/24 20:49:09 [notice] 28#28: gracefully shutting down
2024/12/24 20:49:09 [notice] 29#29: gracefully shutting down
2024/12/24 20:49:09 [notice] 27#27: gracefully shutting down
2024/12/24 20:49:09 [notice] 19#19: exiting
2024/12/24 20:49:09 [notice] 20#20: exiting
2024/12/24 20:49:09 [notice] 17#17: exiting
2024/12/24 20:49:09 [notice] 22#22: exiting
2024/12/24 20:49:09 [notice] 16#16: exiting
2024/12/24 20:49:09 [notice] 23#23: exiting
2024/12/24 20:49:09 [notice] 15#15: exiting
2024/12/24 20:49:09 [notice] 18#18: exiting
2024/12/24 20:49:09 [notice] 24#24: exiting
2024/12/24 20:49:09 [notice] 26#26: exiting
2024/12/24 20:49:09 [notice] 21#21: exiting
2024/12/24 20:49:09 [notice] 28#28: exiting
2024/12/24 20:49:09 [notice] 14#14: exiting
2024/12/24 20:49:09 [notice] 25#25: exiting
2024/12/24 20:49:09 [notice] 29#29: exiting
2024/12/24 20:49:09 [notice] 27#27: exiting
2024/12/24 20:49:09 [notice] 16#16: exit
2024/12/24 20:49:09 [notice] 28#28: exit
2024/12/24 20:49:09 [notice] 24#24: exit
2024/12/24 20:49:09 [notice] 27#27: exit
2024/12/24 20:49:09 [notice] 26#26: exit
2024/12/24 20:49:09 [notice] 21#21: exit
2024/12/24 20:49:09 [notice] 19#19: exit
2024/12/24 20:49:09 [notice] 22#22: exit
2024/12/24 20:49:09 [notice] 15#15: exit
2024/12/24 20:49:09 [notice] 20#20: exit
2024/12/24 20:49:09 [notice] 17#17: exit
2024/12/24 20:49:09 [notice] 29#29: exit
2024/12/24 20:49:09 [notice] 14#14: exit
2024/12/24 20:49:09 [notice] 18#18: exit
2024/12/24 20:49:09 [notice] 25#25: exit
2024/12/24 20:49:09 [notice] 23#23: exit
2024/12/24 20:49:09 [notice] 1#1: signal 17 (SIGCHLD) received from 28
2024/12/24 20:49:09 [notice] 1#1: worker process 15 exited with code 0
2024/12/24 20:49:09 [notice] 1#1: worker process 16 exited with code 0
2024/12/24 20:49:09 [notice] 1#1: worker process 24 exited with code 0
2024/12/24 20:49:09 [notice] 1#1: worker process 28 exited with code 0
2024/12/24 20:49:09 [notice] 1#1: signal 29 (SIGIO) received
2024/12/24 20:49:09 [notice] 1#1: signal 17 (SIGCHLD) received from 16
2024/12/24 20:49:09 [notice] 1#1: signal 17 (SIGCHLD) received from 29
2024/12/24 20:49:09 [notice] 1#1: worker process 18 exited with code 0
2024/12/24 20:49:09 [notice] 1#1: worker process 20 exited with code 0
2024/12/24 20:49:09 [notice] 1#1: worker process 23 exited with code 0
2024/12/24 20:49:09 [notice] 1#1: worker process 29 exited with code 0
2024/12/24 20:49:09 [notice] 1#1: signal 29 (SIGIO) received
2024/12/24 20:49:09 [notice] 1#1: signal 17 (SIGCHLD) received from 23
2024/12/24 20:49:09 [notice] 1#1: signal 17 (SIGCHLD) received from 26
2024/12/24 20:49:09 [notice] 1#1: worker process 19 exited with code 0
2024/12/24 20:49:09 [notice] 1#1: worker process 26 exited with code 0
2024/12/24 20:49:09 [notice] 1#1: signal 29 (SIGIO) received
2024/12/24 20:49:09 [notice] 1#1: signal 17 (SIGCHLD) received from 27
2024/12/24 20:49:09 [notice] 1#1: worker process 27 exited with code 0
2024/12/24 20:49:09 [notice] 1#1: signal 29 (SIGIO) received
2024/12/24 20:49:09 [notice] 1#1: signal 17 (SIGCHLD) received from 14
2024/12/24 20:49:09 [notice] 1#1: worker process 14 exited with code 0
2024/12/24 20:49:09 [notice] 1#1: worker process 21 exited with code 0
2024/12/24 20:49:09 [notice] 1#1: signal 29 (SIGIO) received
2024/12/24 20:49:09 [notice] 1#1: signal 17 (SIGCHLD) received from 21
2024/12/24 20:49:09 [notice] 1#1: signal 17 (SIGCHLD) received from 22
2024/12/24 20:49:09 [notice] 1#1: worker process 17 exited with code 0
2024/12/24 20:49:09 [notice] 1#1: worker process 22 exited with code 0
2024/12/24 20:49:09 [notice] 1#1: worker process 25 exited with code 0
2024/12/24 20:49:09 [notice] 1#1: exit
2024/12/24 20:53:23 [notice] 1#1: using the "epoll" event method
2024/12/24 20:53:23 [notice] 1#1: nginx/1.27.3
2024/12/24 20:53:23 [notice] 1#1: built by gcc 13.2.1 20240309 (Alpine 13.2.1_git20240309) 
2024/12/24 20:53:23 [notice] 1#1: OS: Linux 5.15.167.4-microsoft-standard-WSL2
2024/12/24 20:53:23 [notice] 1#1: getrlimit(RLIMIT_NOFILE): 1048576:1048576
2024/12/24 20:53:23 [notice] 1#1: start worker processes
2024/12/24 20:53:23 [notice] 1#1: start worker process 14
2024/12/24 20:53:23 [notice] 1#1: start worker process 15
2024/12/24 20:53:23 [notice] 1#1: start worker process 16
2024/12/24 20:53:23 [notice] 1#1: start worker process 17
2024/12/24 20:53:23 [notice] 1#1: start worker process 18
2024/12/24 20:53:23 [notice] 1#1: start worker process 19
2024/12/24 20:53:23 [notice] 1#1: start worker process 20
2024/12/24 20:53:23 [notice] 1#1: start worker process 21
2024/12/24 20:53:23 [notice] 1#1: start worker process 22
2024/12/24 20:53:23 [notice] 1#1: start worker process 23
2024/12/24 20:53:23 [notice] 1#1: start worker process 24
2024/12/24 20:53:23 [notice] 1#1: start worker process 25
2024/12/24 20:53:23 [notice] 1#1: start worker process 26
2024/12/24 20:53:23 [notice] 1#1: start worker process 27
2024/12/24 20:53:23 [notice] 1#1: start worker process 28
2024/12/24 20:53:23 [notice] 1#1: start worker process 29
2024/12/24 21:03:15 [notice] 1#1: signal 3 (SIGQUIT) received, shutting down
2024/12/24 21:03:15 [notice] 15#15: gracefully shutting down
2024/12/24 21:03:15 [notice] 14#14: gracefully shutting down
2024/12/24 21:03:15 [notice] 17#17: gracefully shutting down
2024/12/24 21:03:15 [notice] 18#18: gracefully shutting down
2024/12/24 21:03:15 [notice] 20#20: gracefully shutting down
2024/12/24 21:03:15 [notice] 14#14: exiting
2024/12/24 21:03:15 [notice] 21#21: gracefully shutting down
2024/12/24 21:03:15 [notice] 19#19: gracefully shutting down
2024/12/24 21:03:15 [notice] 24#24: gracefully shutting down
2024/12/24 21:03:15 [notice] 16#16: gracefully shutting down
2024/12/24 21:03:15 [notice] 23#23: gracefully shutting down
2024/12/24 21:03:15 [notice] 15#15: exiting
2024/12/24 21:03:15 [notice] 19#19: exiting
2024/12/24 21:03:15 [notice] 22#22: gracefully shutting down
2024/12/24 21:03:15 [notice] 25#25: gracefully shutting down
2024/12/24 21:03:15 [notice] 29#29: gracefully shutting down
2024/12/24 21:03:15 [notice] 27#27: gracefully shutting down
2024/12/24 21:03:15 [notice] 26#26: gracefully shutting down
2024/12/24 21:03:15 [notice] 28#28: gracefully shutting down
2024/12/24 21:03:15 [notice] 17#17: exiting
2024/12/24 21:03:15 [notice] 18#18: exiting
2024/12/24 21:03:15 [notice] 20#20: exiting
2024/12/24 21:03:15 [notice] 16#16: exiting
2024/12/24 21:03:15 [notice] 24#24: exiting
2024/12/24 21:03:15 [notice] 29#29: exiting
2024/12/24 21:03:15 [notice] 21#21: exiting
2024/12/24 21:03:15 [notice] 15#15: exit
2024/12/24 21:03:15 [notice] 28#28: exiting
2024/12/24 21:03:15 [notice] 14#14: exit
2024/12/24 21:03:15 [notice] 19#19: exit
2024/12/24 21:03:15 [notice] 25#25: exiting
2024/12/24 21:03:15 [notice] 23#23: exiting
2024/12/24 21:03:15 [notice] 18#18: exit
2024/12/24 21:03:15 [notice] 27#27: exiting
2024/12/24 21:03:15 [notice] 20#20: exit
2024/12/24 21:03:15 [notice] 17#17: exit
2024/12/24 21:03:15 [notice] 26#26: exiting
2024/12/24 21:03:15 [notice] 24#24: exit
2024/12/24 21:03:15 [notice] 22#22: exiting
2024/12/24 21:03:15 [notice] 29#29: exit
2024/12/24 21:03:15 [notice] 22#22: exit
2024/12/24 21:03:15 [notice] 16#16: exit
2024/12/24 21:03:15 [notice] 21#21: exit
2024/12/24 21:03:15 [notice] 28#28: exit
2024/12/24 21:03:15 [notice] 25#25: exit
2024/12/24 21:03:15 [notice] 23#23: exit
2024/12/24 21:03:15 [notice] 27#27: exit
2024/12/24 21:03:15 [notice] 26#26: exit
2024/12/24 21:03:16 [notice] 1#1: signal 17 (SIGCHLD) received from 24
2024/12/24 21:03:16 [notice] 1#1: worker process 24 exited with code 0
2024/12/24 21:03:16 [notice] 1#1: worker process 28 exited with code 0
2024/12/24 21:03:16 [notice] 1#1: signal 29 (SIGIO) received
2024/12/24 21:03:16 [notice] 1#1: signal 17 (SIGCHLD) received from 28
2024/12/24 21:03:16 [notice] 1#1: signal 17 (SIGCHLD) received from 22
2024/12/24 21:03:16 [notice] 1#1: worker process 22 exited with code 0
2024/12/24 21:03:16 [notice] 1#1: signal 29 (SIGIO) received
2024/12/24 21:03:16 [notice] 1#1: signal 17 (SIGCHLD) received from 29
2024/12/24 21:03:16 [notice] 1#1: worker process 18 exited with code 0
2024/12/24 21:03:16 [notice] 1#1: worker process 21 exited with code 0
2024/12/24 21:03:16 [notice] 1#1: worker process 25 exited with code 0
2024/12/24 21:03:16 [notice] 1#1: worker process 29 exited with code 0
2024/12/24 21:03:16 [notice] 1#1: signal 29 (SIGIO) received
2024/12/24 21:03:16 [notice] 1#1: signal 17 (SIGCHLD) received from 21
2024/12/24 21:03:16 [notice] 1#1: signal 17 (SIGCHLD) received from 27
2024/12/24 21:03:16 [notice] 1#1: worker process 20 exited with code 0
2024/12/24 21:03:16 [notice] 1#1: worker process 27 exited with code 0
2024/12/24 21:03:16 [notice] 1#1: signal 29 (SIGIO) received
2024/12/24 21:03:16 [notice] 1#1: signal 17 (SIGCHLD) received from 20
2024/12/24 21:03:16 [notice] 1#1: signal 17 (SIGCHLD) received from 16
2024/12/24 21:03:16 [notice] 1#1: worker process 15 exited with code 0
2024/12/24 21:03:16 [notice] 1#1: worker process 16 exited with code 0
2024/12/24 21:03:16 [notice] 1#1: worker process 17 exited with code 0
2024/12/24 21:03:16 [notice] 1#1: signal 29 (SIGIO) received
2024/12/24 21:03:16 [notice] 1#1: signal 17 (SIGCHLD) received from 17
2024/12/24 21:03:16 [notice] 1#1: signal 17 (SIGCHLD) received from 26
2024/12/24 21:03:16 [notice] 1#1: worker process 26 exited with code 0
2024/12/24 21:03:16 [notice] 1#1: signal 29 (SIGIO) received
2024/12/24 21:03:16 [notice] 1#1: signal 17 (SIGCHLD) received from 23
2024/12/24 21:03:16 [notice] 1#1: worker process 23 exited with code 0
2024/12/24 21:03:16 [notice] 1#1: worker process 14 exited with code 0
2024/12/24 21:03:16 [notice] 1#1: signal 29 (SIGIO) received
2024/12/24 21:03:16 [notice] 1#1: signal 17 (SIGCHLD) received from 14
2024/12/24 21:03:16 [notice] 1#1: signal 17 (SIGCHLD) received from 19
2024/12/24 21:03:16 [notice] 1#1: worker process 19 exited with code 0
2024/12/24 21:03:16 [notice] 1#1: exit
2024/12/24 21:03:49 [notice] 1#1: using the "epoll" event method
2024/12/24 21:03:49 [notice] 1#1: nginx/1.27.3
2024/12/24 21:03:49 [notice] 1#1: built by gcc 13.2.1 20240309 (Alpine 13.2.1_git20240309) 
2024/12/24 21:03:49 [notice] 1#1: OS: Linux 5.15.167.4-microsoft-standard-WSL2
2024/12/24 21:03:49 [notice] 1#1: getrlimit(RLIMIT_NOFILE): 1048576:1048576
2024/12/24 21:03:49 [notice] 1#1: start worker processes
2024/12/24 21:03:49 [notice] 1#1: start worker process 14
2024/12/24 21:03:49 [notice] 1#1: start worker process 15
2024/12/24 21:03:49 [notice] 1#1: start worker process 16
2024/12/24 21:03:49 [notice] 1#1: start worker process 17
2024/12/24 21:03:49 [notice] 1#1: start worker process 18
2024/12/24 21:03:49 [notice] 1#1: start worker process 19
2024/12/24 21:03:49 [notice] 1#1: start worker process 20
2024/12/24 21:03:49 [notice] 1#1: start worker process 21
2024/12/24 21:03:49 [notice] 1#1: start worker process 22
2024/12/24 21:03:49 [notice] 1#1: start worker process 23
2024/12/24 21:03:49 [notice] 1#1: start worker process 24
2024/12/24 21:03:49 [notice] 1#1: start worker process 25
2024/12/24 21:03:49 [notice] 1#1: start worker process 26
2024/12/24 21:03:49 [notice] 1#1: start worker process 27
2024/12/24 21:03:49 [notice] 1#1: start worker process 28
2024/12/24 21:03:49 [notice] 1#1: start worker process 29
2024/12/24 21:07:55 [notice] 1#1: signal 3 (SIGQUIT) received, shutting down
2024/12/24 21:07:55 [notice] 14#14: gracefully shutting down
2024/12/24 21:07:55 [notice] 18#18: gracefully shutting down
2024/12/24 21:07:55 [notice] 22#22: gracefully shutting down
2024/12/24 21:07:55 [notice] 24#24: gracefully shutting down
2024/12/24 21:07:55 [notice] 19#19: gracefully shutting down
2024/12/24 21:07:55 [notice] 17#17: gracefully shutting down
2024/12/24 21:07:55 [notice] 21#21: gracefully shutting down
2024/12/24 21:07:55 [notice] 23#23: gracefully shutting down
2024/12/24 21:07:55 [notice] 15#15: gracefully shutting down
2024/12/24 21:07:55 [notice] 25#25: gracefully shutting down
2024/12/24 21:07:55 [notice] 27#27: gracefully shutting down
2024/12/24 21:07:55 [notice] 29#29: gracefully shutting down
2024/12/24 21:07:55 [notice] 28#28: gracefully shutting down
2024/12/24 21:07:55 [notice] 20#20: gracefully shutting down
2024/12/24 21:07:55 [notice] 26#26: gracefully shutting down
2024/12/24 21:07:55 [notice] 16#16: gracefully shutting down
2024/12/24 21:07:55 [notice] 18#18: exiting
2024/12/24 21:07:55 [notice] 24#24: exiting
2024/12/24 21:07:55 [notice] 22#22: exiting
2024/12/24 21:07:55 [notice] 14#14: exiting
2024/12/24 21:07:55 [notice] 19#19: exiting
2024/12/24 21:07:55 [notice] 21#21: exiting
2024/12/24 21:07:55 [notice] 17#17: exiting
2024/12/24 21:07:55 [notice] 23#23: exiting
2024/12/24 21:07:55 [notice] 25#25: exiting
2024/12/24 21:07:55 [notice] 29#29: exiting
2024/12/24 21:07:55 [notice] 27#27: exiting
2024/12/24 21:07:55 [notice] 25#25: exit
2024/12/24 21:07:55 [notice] 15#15: exiting
2024/12/24 21:07:55 [notice] 28#28: exiting
2024/12/24 21:07:55 [notice] 20#20: exiting
2024/12/24 21:07:55 [notice] 26#26: exiting
2024/12/24 21:07:55 [notice] 16#16: exiting
2024/12/24 21:07:55 [notice] 22#22: exit
2024/12/24 21:07:55 [notice] 19#19: exit
2024/12/24 21:07:55 [notice] 14#14: exit
2024/12/24 21:07:55 [notice] 24#24: exit
2024/12/24 21:07:55 [notice] 18#18: exit
2024/12/24 21:07:55 [notice] 21#21: exit
2024/12/24 21:07:55 [notice] 17#17: exit
2024/12/24 21:07:55 [notice] 23#23: exit
2024/12/24 21:07:55 [notice] 29#29: exit
2024/12/24 21:07:55 [notice] 27#27: exit
2024/12/24 21:07:55 [notice] 15#15: exit
2024/12/24 21:07:55 [notice] 28#28: exit
2024/12/24 21:07:55 [notice] 20#20: exit
2024/12/24 21:07:55 [notice] 26#26: exit
2024/12/24 21:07:55 [notice] 16#16: exit
2024/12/24 21:07:56 [notice] 1#1: signal 17 (SIGCHLD) received from 23
2024/12/24 21:07:56 [notice] 1#1: worker process 23 exited with code 0
2024/12/24 21:07:56 [notice] 1#1: signal 29 (SIGIO) received
2024/12/24 21:07:56 [notice] 1#1: signal 17 (SIGCHLD) received from 21
2024/12/24 21:07:56 [notice] 1#1: worker process 17 exited with code 0
2024/12/24 21:07:56 [notice] 1#1: worker process 18 exited with code 0
2024/12/24 21:07:56 [notice] 1#1: worker process 19 exited with code 0
2024/12/24 21:07:56 [notice] 1#1: worker process 20 exited with code 0
2024/12/24 21:07:56 [notice] 1#1: worker process 21 exited with code 0
2024/12/24 21:07:56 [notice] 1#1: worker process 22 exited with code 0
2024/12/24 21:07:56 [notice] 1#1: worker process 24 exited with code 0
2024/12/24 21:07:56 [notice] 1#1: worker process 26 exited with code 0
2024/12/24 21:07:56 [notice] 1#1: worker process 28 exited with code 0
2024/12/24 21:07:56 [notice] 1#1: signal 29 (SIGIO) received
2024/12/24 21:07:56 [notice] 1#1: signal 17 (SIGCHLD) received from 20
2024/12/24 21:07:56 [notice] 1#1: signal 17 (SIGCHLD) received from 14
2024/12/24 21:07:56 [notice] 1#1: worker process 14 exited with code 0
2024/12/24 21:07:56 [notice] 1#1: signal 29 (SIGIO) received
2024/12/24 21:07:56 [notice] 1#1: signal 17 (SIGCHLD) received from 27
2024/12/24 21:07:56 [notice] 1#1: worker process 27 exited with code 0
2024/12/24 21:07:56 [notice] 1#1: signal 29 (SIGIO) received
2024/12/24 21:07:56 [notice] 1#1: signal 17 (SIGCHLD) received from 29
2024/12/24 21:07:56 [notice] 1#1: worker process 15 exited with code 0
2024/12/24 21:07:56 [notice] 1#1: worker process 25 exited with code 0
2024/12/24 21:07:56 [notice] 1#1: worker process 29 exited with code 0
2024/12/24 21:07:56 [notice] 1#1: signal 29 (SIGIO) received
2024/12/24 21:07:56 [notice] 1#1: signal 17 (SIGCHLD) received from 15
2024/12/24 21:07:56 [notice] 1#1: signal 17 (SIGCHLD) received from 16
2024/12/24 21:07:56 [notice] 1#1: worker process 16 exited with code 0
2024/12/24 21:07:56 [notice] 1#1: exit
2024/12/24 21:08:31 [notice] 1#1: using the "epoll" event method
2024/12/24 21:08:31 [notice] 1#1: nginx/1.27.3
2024/12/24 21:08:31 [notice] 1#1: built by gcc 13.2.1 20240309 (Alpine 13.2.1_git20240309) 
2024/12/24 21:08:31 [notice] 1#1: OS: Linux 5.15.167.4-microsoft-standard-WSL2
2024/12/24 21:08:31 [notice] 1#1: getrlimit(RLIMIT_NOFILE): 1048576:1048576
2024/12/24 21:08:31 [notice] 1#1: start worker processes
2024/12/24 21:08:31 [notice] 1#1: start worker process 14
2024/12/24 21:08:31 [notice] 1#1: start worker process 15
2024/12/24 21:08:31 [notice] 1#1: start worker process 16
2024/12/24 21:08:31 [notice] 1#1: start worker process 17
2024/12/24 21:08:31 [notice] 1#1: start worker process 18
2024/12/24 21:08:31 [notice] 1#1: start worker process 19
2024/12/24 21:08:31 [notice] 1#1: start worker process 20
2024/12/24 21:08:31 [notice] 1#1: start worker process 21
2024/12/24 21:08:31 [notice] 1#1: start worker process 22
2024/12/24 21:08:31 [notice] 1#1: start worker process 23
2024/12/24 21:08:31 [notice] 1#1: start worker process 24
2024/12/24 21:08:31 [notice] 1#1: start worker process 25
2024/12/24 21:08:31 [notice] 1#1: start worker process 26
2024/12/24 21:08:31 [notice] 1#1: start worker process 27
2024/12/24 21:08:31 [notice] 1#1: start worker process 28
2024/12/24 21:08:31 [notice] 1#1: start worker process 29
2024/12/24 21:13:53 [notice] 1#1: signal 3 (SIGQUIT) received, shutting down
2024/12/24 21:13:53 [notice] 14#14: gracefully shutting down
2024/12/24 21:13:53 [notice] 15#15: gracefully shutting down
2024/12/24 21:13:53 [notice] 16#16: gracefully shutting down
2024/12/24 21:13:53 [notice] 17#17: gracefully shutting down
2024/12/24 21:13:53 [notice] 20#20: gracefully shutting down
2024/12/24 21:13:53 [notice] 26#26: gracefully shutting down
2024/12/24 21:13:53 [notice] 23#23: gracefully shutting down
2024/12/24 21:13:53 [notice] 25#25: gracefully shutting down
2024/12/24 21:13:53 [notice] 21#21: gracefully shutting down
2024/12/24 21:13:53 [notice] 22#22: gracefully shutting down
2024/12/24 21:13:53 [notice] 24#24: gracefully shutting down
2024/12/24 21:13:53 [notice] 18#18: gracefully shutting down
2024/12/24 21:13:53 [notice] 28#28: gracefully shutting down
2024/12/24 21:13:53 [notice] 29#29: gracefully shutting down
2024/12/24 21:13:53 [notice] 24#24: exiting
2024/12/24 21:13:53 [notice] 14#14: exiting
2024/12/24 21:13:53 [notice] 27#27: gracefully shutting down
2024/12/24 21:13:53 [notice] 19#19: gracefully shutting down
2024/12/24 21:13:53 [notice] 15#15: exiting
2024/12/24 21:13:53 [notice] 17#17: exiting
2024/12/24 21:13:53 [notice] 23#23: exiting
2024/12/24 21:13:53 [notice] 26#26: exiting
2024/12/24 21:13:53 [notice] 25#25: exiting
2024/12/24 21:13:53 [notice] 20#20: exiting
2024/12/24 21:13:53 [notice] 21#21: exiting
2024/12/24 21:13:53 [notice] 22#22: exiting
2024/12/24 21:13:53 [notice] 16#16: exiting
2024/12/24 21:13:53 [notice] 29#29: exiting
2024/12/24 21:13:53 [notice] 18#18: exiting
2024/12/24 21:13:53 [notice] 28#28: exiting
2024/12/24 21:13:53 [notice] 27#27: exiting
2024/12/24 21:13:53 [notice] 19#19: exiting
2024/12/24 21:13:53 [notice] 17#17: exit
2024/12/24 21:13:53 [notice] 27#27: exit
2024/12/24 21:13:53 [notice] 15#15: exit
2024/12/24 21:13:53 [notice] 22#22: exit
2024/12/24 21:13:53 [notice] 23#23: exit
2024/12/24 21:13:53 [notice] 24#24: exit
2024/12/24 21:13:53 [notice] 18#18: exit
2024/12/24 21:13:53 [notice] 20#20: exit
2024/12/24 21:13:53 [notice] 28#28: exit
2024/12/24 21:13:53 [notice] 26#26: exit
2024/12/24 21:13:53 [notice] 14#14: exit
2024/12/24 21:13:53 [notice] 16#16: exit
2024/12/24 21:13:53 [notice] 29#29: exit
2024/12/24 21:13:53 [notice] 25#25: exit
2024/12/24 21:13:53 [notice] 19#19: exit
2024/12/24 21:13:53 [notice] 21#21: exit
2024/12/24 21:13:53 [notice] 1#1: signal 17 (SIGCHLD) received from 18
2024/12/24 21:13:53 [notice] 1#1: worker process 18 exited with code 0
2024/12/24 21:13:53 [notice] 1#1: worker process 27 exited with code 0
2024/12/24 21:13:53 [notice] 1#1: signal 29 (SIGIO) received
2024/12/24 21:13:53 [notice] 1#1: signal 17 (SIGCHLD) received from 28
2024/12/24 21:13:53 [notice] 1#1: worker process 14 exited with code 0
2024/12/24 21:13:53 [notice] 1#1: worker process 19 exited with code 0
2024/12/24 21:13:53 [notice] 1#1: worker process 20 exited with code 0
2024/12/24 21:13:53 [notice] 1#1: worker process 21 exited with code 0
2024/12/24 21:13:53 [notice] 1#1: worker process 24 exited with code 0
2024/12/24 21:13:53 [notice] 1#1: worker process 25 exited with code 0
2024/12/24 21:13:53 [notice] 1#1: worker process 26 exited with code 0
2024/12/24 21:13:53 [notice] 1#1: worker process 28 exited with code 0
2024/12/24 21:13:53 [notice] 1#1: worker process 29 exited with code 0
2024/12/24 21:13:53 [notice] 1#1: signal 29 (SIGIO) received
2024/12/24 21:13:53 [notice] 1#1: signal 17 (SIGCHLD) received from 26
2024/12/24 21:13:53 [notice] 1#1: signal 17 (SIGCHLD) received from 16
2024/12/24 21:13:53 [notice] 1#1: worker process 16 exited with code 0
2024/12/24 21:13:53 [notice] 1#1: signal 29 (SIGIO) received
2024/12/24 21:13:53 [notice] 1#1: signal 17 (SIGCHLD) received from 17
2024/12/24 21:13:53 [notice] 1#1: worker process 17 exited with code 0
2024/12/24 21:13:53 [notice] 1#1: worker process 23 exited with code 0
2024/12/24 21:13:53 [notice] 1#1: signal 29 (SIGIO) received
2024/12/24 21:13:53 [notice] 1#1: signal 17 (SIGCHLD) received from 23
2024/12/24 21:13:53 [notice] 1#1: signal 17 (SIGCHLD) received from 22
2024/12/24 21:13:53 [notice] 1#1: worker process 22 exited with code 0
2024/12/24 21:13:53 [notice] 1#1: signal 29 (SIGIO) received
2024/12/24 21:13:53 [notice] 1#1: signal 17 (SIGCHLD) received from 15
2024/12/24 21:13:53 [notice] 1#1: worker process 15 exited with code 0
2024/12/24 21:13:53 [notice] 1#1: exit
2024/12/24 21:14:24 [notice] 1#1: using the "epoll" event method
2024/12/24 21:14:24 [notice] 1#1: nginx/1.27.3
2024/12/24 21:14:24 [notice] 1#1: built by gcc 13.2.1 20240309 (Alpine 13.2.1_git20240309) 
2024/12/24 21:14:24 [notice] 1#1: OS: Linux 5.15.167.4-microsoft-standard-WSL2
2024/12/24 21:14:24 [notice] 1#1: getrlimit(RLIMIT_NOFILE): 1048576:1048576
2024/12/24 21:14:24 [notice] 1#1: start worker processes
2024/12/24 21:14:24 [notice] 1#1: start worker process 14
2024/12/24 21:14:24 [notice] 1#1: start worker process 15
2024/12/24 21:14:24 [notice] 1#1: start worker process 16
2024/12/24 21:14:24 [notice] 1#1: start worker process 17
2024/12/24 21:14:24 [notice] 1#1: start worker process 18
2024/12/24 21:14:24 [notice] 1#1: start worker process 19
2024/12/24 21:14:24 [notice] 1#1: start worker process 20
2024/12/24 21:14:24 [notice] 1#1: start worker process 21
2024/12/24 21:14:24 [notice] 1#1: start worker process 22
2024/12/24 21:14:24 [notice] 1#1: start worker process 23
2024/12/24 21:14:24 [notice] 1#1: start worker process 24
2024/12/24 21:14:24 [notice] 1#1: start worker process 25
2024/12/24 21:14:24 [notice] 1#1: start worker process 26
2024/12/24 21:14:24 [notice] 1#1: start worker process 27
2024/12/24 21:14:24 [notice] 1#1: start worker process 28
2024/12/24 21:14:24 [notice] 1#1: start worker process 29
2024/12/24 21:18:28 [notice] 1#1: signal 3 (SIGQUIT) received, shutting down
2024/12/24 21:18:28 [notice] 14#14: gracefully shutting down
2024/12/24 21:18:28 [notice] 16#16: gracefully shutting down
2024/12/24 21:18:28 [notice] 17#17: gracefully shutting down
2024/12/24 21:18:28 [notice] 18#18: gracefully shutting down
2024/12/24 21:18:28 [notice] 15#15: gracefully shutting down
2024/12/24 21:18:28 [notice] 19#19: gracefully shutting down
2024/12/24 21:18:28 [notice] 24#24: gracefully shutting down
2024/12/24 21:18:28 [notice] 20#20: gracefully shutting down
2024/12/24 21:18:28 [notice] 23#23: gracefully shutting down
2024/12/24 21:18:28 [notice] 22#22: gracefully shutting down
2024/12/24 21:18:28 [notice] 21#21: gracefully shutting down
2024/12/24 21:18:28 [notice] 27#27: gracefully shutting down
2024/12/24 21:18:28 [notice] 20#20: exiting
2024/12/24 21:18:28 [notice] 25#25: gracefully shutting down
2024/12/24 21:18:28 [notice] 22#22: exiting
2024/12/24 21:18:28 [notice] 29#29: gracefully shutting down
2024/12/24 21:18:28 [notice] 28#28: gracefully shutting down
2024/12/24 21:18:28 [notice] 26#26: gracefully shutting down
2024/12/24 21:18:28 [notice] 14#14: exiting
2024/12/24 21:18:28 [notice] 16#16: exiting
2024/12/24 21:18:28 [notice] 17#17: exiting
2024/12/24 21:18:28 [notice] 15#15: exiting
2024/12/24 21:18:28 [notice] 18#18: exiting
2024/12/24 21:18:28 [notice] 19#19: exiting
2024/12/24 21:18:28 [notice] 24#24: exiting
2024/12/24 21:18:28 [notice] 23#23: exiting
2024/12/24 21:18:28 [notice] 27#27: exiting
2024/12/24 21:18:28 [notice] 25#25: exiting
2024/12/24 21:18:28 [notice] 21#21: exiting
2024/12/24 21:18:28 [notice] 29#29: exiting
2024/12/24 21:18:28 [notice] 28#28: exiting
2024/12/24 21:18:28 [notice] 26#26: exiting
2024/12/24 21:18:28 [notice] 15#15: exit
2024/12/24 21:18:28 [notice] 19#19: exit
2024/12/24 21:18:28 [notice] 23#23: exit
2024/12/24 21:18:28 [notice] 16#16: exit
2024/12/24 21:18:28 [notice] 20#20: exit
2024/12/24 21:18:28 [notice] 28#28: exit
2024/12/24 21:18:28 [notice] 27#27: exit
2024/12/24 21:18:28 [notice] 24#24: exit
2024/12/24 21:18:28 [notice] 26#26: exit
2024/12/24 21:18:28 [notice] 29#29: exit
2024/12/24 21:18:28 [notice] 21#21: exit
2024/12/24 21:18:28 [notice] 14#14: exit
2024/12/24 21:18:28 [notice] 22#22: exit
2024/12/24 21:18:28 [notice] 25#25: exit
2024/12/24 21:18:28 [notice] 18#18: exit
2024/12/24 21:18:28 [notice] 17#17: exit
2024/12/24 21:18:28 [notice] 1#1: signal 17 (SIGCHLD) received from 23
2024/12/24 21:18:28 [notice] 1#1: worker process 14 exited with code 0
2024/12/24 21:18:28 [notice] 1#1: worker process 15 exited with code 0
2024/12/24 21:18:28 [notice] 1#1: worker process 16 exited with code 0
2024/12/24 21:18:28 [notice] 1#1: worker process 19 exited with code 0
2024/12/24 21:18:28 [notice] 1#1: worker process 20 exited with code 0
2024/12/24 21:18:28 [notice] 1#1: worker process 23 exited with code 0
2024/12/24 21:18:28 [notice] 1#1: worker process 26 exited with code 0
2024/12/24 21:18:28 [notice] 1#1: signal 29 (SIGIO) received
2024/12/24 21:18:28 [notice] 1#1: signal 17 (SIGCHLD) received from 19
2024/12/24 21:18:28 [notice] 1#1: signal 17 (SIGCHLD) received from 25
2024/12/24 21:18:28 [notice] 1#1: worker process 17 exited with code 0
2024/12/24 21:18:28 [notice] 1#1: worker process 18 exited with code 0
2024/12/24 21:18:28 [notice] 1#1: worker process 21 exited with code 0
2024/12/24 21:18:28 [notice] 1#1: worker process 24 exited with code 0
2024/12/24 21:18:28 [notice] 1#1: worker process 25 exited with code 0
2024/12/24 21:18:28 [notice] 1#1: worker process 28 exited with code 0
2024/12/24 21:18:28 [notice] 1#1: worker process 29 exited with code 0
2024/12/24 21:18:28 [notice] 1#1: signal 29 (SIGIO) received
2024/12/24 21:18:28 [notice] 1#1: signal 17 (SIGCHLD) received from 27
2024/12/24 21:18:28 [notice] 1#1: worker process 27 exited with code 0
2024/12/24 21:18:28 [notice] 1#1: signal 29 (SIGIO) received
2024/12/24 21:18:28 [notice] 1#1: signal 17 (SIGCHLD) received from 22
2024/12/24 21:18:28 [notice] 1#1: worker process 22 exited with code 0
2024/12/24 21:18:28 [notice] 1#1: exit
2024/12/24 21:18:41 [notice] 1#1: using the "epoll" event method
2024/12/24 21:18:41 [notice] 1#1: nginx/1.27.3
2024/12/24 21:18:41 [notice] 1#1: built by gcc 13.2.1 20240309 (Alpine 13.2.1_git20240309) 
2024/12/24 21:18:41 [notice] 1#1: OS: Linux 5.15.167.4-microsoft-standard-WSL2
2024/12/24 21:18:41 [notice] 1#1: getrlimit(RLIMIT_NOFILE): 1048576:1048576
2024/12/24 21:18:41 [notice] 1#1: start worker processes
2024/12/24 21:18:41 [notice] 1#1: start worker process 14
2024/12/24 21:18:41 [notice] 1#1: start worker process 15
2024/12/24 21:18:41 [notice] 1#1: start worker process 16
2024/12/24 21:18:41 [notice] 1#1: start worker process 17
2024/12/24 21:18:41 [notice] 1#1: start worker process 18
2024/12/24 21:18:41 [notice] 1#1: start worker process 19
2024/12/24 21:18:41 [notice] 1#1: start worker process 20
2024/12/24 21:18:41 [notice] 1#1: start worker process 21
2024/12/24 21:18:41 [notice] 1#1: start worker process 22
2024/12/24 21:18:41 [notice] 1#1: start worker process 23
2024/12/24 21:18:41 [notice] 1#1: start worker process 24
2024/12/24 21:18:41 [notice] 1#1: start worker process 25
2024/12/24 21:18:41 [notice] 1#1: start worker process 26
2024/12/24 21:18:41 [notice] 1#1: start worker process 27
2024/12/24 21:18:41 [notice] 1#1: start worker process 28
2024/12/24 21:18:41 [notice] 1#1: start worker process 29
2024/12/24 21:19:05 [notice] 1#1: signal 3 (SIGQUIT) received, shutting down
2024/12/24 21:19:05 [notice] 15#15: gracefully shutting down
2024/12/24 21:19:05 [notice] 16#16: gracefully shutting down
2024/12/24 21:19:05 [notice] 19#19: gracefully shutting down
2024/12/24 21:19:05 [notice] 14#14: gracefully shutting down
2024/12/24 21:19:05 [notice] 17#17: gracefully shutting down
2024/12/24 21:19:05 [notice] 18#18: gracefully shutting down
2024/12/24 21:19:05 [notice] 22#22: gracefully shutting down
2024/12/24 21:19:05 [notice] 20#20: gracefully shutting down
2024/12/24 21:19:05 [notice] 24#24: gracefully shutting down
2024/12/24 21:19:05 [notice] 21#21: gracefully shutting down
2024/12/24 21:19:05 [notice] 25#25: gracefully shutting down
2024/12/24 21:19:05 [notice] 28#28: gracefully shutting down
2024/12/24 21:19:05 [notice] 27#27: gracefully shutting down
2024/12/24 21:19:05 [notice] 29#29: gracefully shutting down
2024/12/24 21:19:05 [notice] 23#23: gracefully shutting down
2024/12/24 21:19:05 [notice] 26#26: gracefully shutting down
2024/12/24 21:19:05 [notice] 15#15: exiting
2024/12/24 21:19:05 [notice] 16#16: exiting
2024/12/24 21:19:05 [notice] 19#19: exiting
2024/12/24 21:19:05 [notice] 14#14: exiting
2024/12/24 21:19:05 [notice] 17#17: exiting
2024/12/24 21:19:05 [notice] 14#14: exit
2024/12/24 21:19:05 [notice] 18#18: exiting
2024/12/24 21:19:05 [notice] 22#22: exiting
2024/12/24 21:19:05 [notice] 20#20: exiting
2024/12/24 21:19:05 [notice] 24#24: exiting
2024/12/24 21:19:05 [notice] 21#21: exiting
2024/12/24 21:19:05 [notice] 25#25: exiting
2024/12/24 21:19:05 [notice] 28#28: exiting
2024/12/24 21:19:05 [notice] 27#27: exiting
2024/12/24 21:19:05 [notice] 28#28: exit
2024/12/24 21:19:05 [notice] 29#29: exiting
2024/12/24 21:19:05 [notice] 23#23: exiting
2024/12/24 21:19:05 [notice] 26#26: exiting
2024/12/24 21:19:05 [notice] 16#16: exit
2024/12/24 21:19:05 [notice] 19#19: exit
2024/12/24 21:19:05 [notice] 15#15: exit
2024/12/24 21:19:05 [notice] 17#17: exit
2024/12/24 21:19:05 [notice] 18#18: exit
2024/12/24 21:19:05 [notice] 22#22: exit
2024/12/24 21:19:05 [notice] 20#20: exit
2024/12/24 21:19:05 [notice] 24#24: exit
2024/12/24 21:19:05 [notice] 21#21: exit
2024/12/24 21:19:05 [notice] 25#25: exit
2024/12/24 21:19:05 [notice] 27#27: exit
2024/12/24 21:19:05 [notice] 29#29: exit
2024/12/24 21:19:05 [notice] 23#23: exit
2024/12/24 21:19:05 [notice] 26#26: exit
2024/12/24 21:19:05 [notice] 1#1: signal 17 (SIGCHLD) received from 21
2024/12/24 21:19:05 [notice] 1#1: worker process 21 exited with code 0
2024/12/24 21:19:05 [notice] 1#1: signal 29 (SIGIO) received
2024/12/24 21:19:05 [notice] 1#1: signal 17 (SIGCHLD) received from 23
2024/12/24 21:19:05 [notice] 1#1: worker process 15 exited with code 0
2024/12/24 21:19:05 [notice] 1#1: worker process 16 exited with code 0
2024/12/24 21:19:05 [notice] 1#1: worker process 17 exited with code 0
2024/12/24 21:19:05 [notice] 1#1: worker process 19 exited with code 0
2024/12/24 21:19:05 [notice] 1#1: worker process 20 exited with code 0
2024/12/24 21:19:05 [notice] 1#1: worker process 22 exited with code 0
2024/12/24 21:19:05 [notice] 1#1: worker process 23 exited with code 0
2024/12/24 21:19:05 [notice] 1#1: worker process 26 exited with code 0
2024/12/24 21:19:05 [notice] 1#1: worker process 27 exited with code 0
2024/12/24 21:19:05 [notice] 1#1: worker process 28 exited with code 0
2024/12/24 21:19:05 [notice] 1#1: signal 29 (SIGIO) received
2024/12/24 21:19:05 [notice] 1#1: signal 17 (SIGCHLD) received from 29
2024/12/24 21:19:05 [notice] 1#1: worker process 24 exited with code 0
2024/12/24 21:19:05 [notice] 1#1: worker process 29 exited with code 0
2024/12/24 21:19:05 [notice] 1#1: signal 29 (SIGIO) received
2024/12/24 21:19:05 [notice] 1#1: signal 17 (SIGCHLD) received from 25
2024/12/24 21:19:05 [notice] 1#1: worker process 18 exited with code 0
2024/12/24 21:19:05 [notice] 1#1: worker process 25 exited with code 0
2024/12/24 21:19:05 [notice] 1#1: signal 29 (SIGIO) received
2024/12/24 21:19:05 [notice] 1#1: signal 17 (SIGCHLD) received from 14
2024/12/24 21:19:05 [notice] 1#1: worker process 14 exited with code 0
2024/12/24 21:19:05 [notice] 1#1: exit
2024/12/24 21:19:16 [notice] 1#1: using the "epoll" event method
2024/12/24 21:19:16 [notice] 1#1: nginx/1.27.3
2024/12/24 21:19:16 [notice] 1#1: built by gcc 13.2.1 20240309 (Alpine 13.2.1_git20240309) 
2024/12/24 21:19:16 [notice] 1#1: OS: Linux 5.15.167.4-microsoft-standard-WSL2
2024/12/24 21:19:16 [notice] 1#1: getrlimit(RLIMIT_NOFILE): 1048576:1048576
2024/12/24 21:19:16 [notice] 1#1: start worker processes
